  Edge.cpp
  Graph.cpp
C:\Program Files\Microsoft Visual Studio\2022\Community\VC\Tools\MSVC\14.35.32215\include\xmemory(680,47): error C2558: class "Edge": нет доступных конструкторов копий, или конструктор копий объявлен как "explicit"
C:\Program Files\Microsoft Visual Studio\2022\Community\VC\Tools\MSVC\14.35.32215\include\vector(852): message : выполняется компиляция ссылки на экземпляр шаблон функции "void std::_Default_allocator_traits<_Alloc>::construct<_Ty,const _Ty&>(_Alloc &,_Objty *const ,const _Ty &)"
          with
          [
              _Alloc=std::allocator<Edge>,
              _Ty=Edge,
              _Objty=Edge
          ]
C:\Program Files\Microsoft Visual Studio\2022\Community\VC\Tools\MSVC\14.35.32215\include\vector(863,36): message : выполняется компиляция ссылки на экземпляр шаблон функции "void std::_Default_allocator_traits<_Alloc>::construct<_Ty,const _Ty&>(_Alloc &,_Objty *const ,const _Ty &)"
          with
          [
              _Alloc=std::allocator<Edge>,
              _Ty=Edge,
              _Objty=Edge
          ]
C:\Program Files\Microsoft Visual Studio\2022\Community\VC\Tools\MSVC\14.35.32215\include\vector(839): message : выполняется компиляция ссылки на экземпляр шаблон функции "_Ty &std::vector<_Ty,std::allocator<_Ty>>::_Emplace_back_with_unused_capacity<const _Ty&>(const _Ty &)"
          with
          [
              _Ty=Edge
          ]
C:\Program Files\Microsoft Visual Studio\2022\Community\VC\Tools\MSVC\14.35.32215\include\vector(845,13): message : выполняется компиляция ссылки на экземпляр шаблон функции "_Ty &std::vector<_Ty,std::allocator<_Ty>>::_Emplace_back_with_unused_capacity<const _Ty&>(const _Ty &)"
          with
          [
              _Ty=Edge
          ]
C:\Program Files\Microsoft Visual Studio\2022\Community\VC\Tools\MSVC\14.35.32215\include\vector(936,1): message : выполняется компиляция ссылки на экземпляр шаблон функции "_Ty &std::vector<_Ty,std::allocator<_Ty>>::_Emplace_one_at_back<const _Ty&>(const _Ty &)"
          with
          [
              _Ty=Edge
          ]
C:\Program Files\Microsoft Visual Studio\2022\Community\VC\Tools\MSVC\14.35.32215\include\vector(936,29): message : выполняется компиляция ссылки на экземпляр шаблон функции "_Ty &std::vector<_Ty,std::allocator<_Ty>>::_Emplace_one_at_back<const _Ty&>(const _Ty &)"
          with
          [
              _Ty=Edge
          ]
C:\Program Files\Microsoft Visual Studio\2022\Community\VC\Tools\MSVC\14.35.32215\include\vector(935,1): message : во время компиляции функции-члена класс шаблон "void std::vector<Edge,std::allocator<Edge>>::push_back(const _Ty &)"
          with
          [
              _Ty=Edge
          ]
C:\Users\Admin\source\repos\graphs\graphs\Graph.h(15,18): message : выполняется компиляция ссылки на экземпляр шаблон функции "void std::vector<Edge,std::allocator<Edge>>::push_back(const _Ty &)"
          with
          [
              _Ty=Edge
          ]
C:\Users\Admin\source\repos\graphs\graphs\Graph.h(10,20): message : выполняется компиляция ссылки на экземпляр класс шаблон функции "std::vector<Edge,std::allocator<Edge>>"
  graphs.cpp
  Vertex.cpp
  Создание кода...
