  Money.cpp
  ооп 11_3.cpp
C:\Users\Admin\source\repos\ооп 11_3\ооп 11_3\ооп 11_3.cpp(8,1): warning C4326: возвращаемый тип "main" должен быть "int", а не "void"
C:\Users\Admin\source\repos\ооп 11_3\ооп 11_3\Vector.h(43,1): warning C4267: =: преобразование из "size_t" в "int"; возможна потеря данных
C:\Users\Admin\source\repos\ооп 11_3\ооп 11_3\Vector.h(36,1): message : во время компиляции функции-члена класс шаблон "Vector<Money>::Vector(int)"
C:\Users\Admin\source\repos\ооп 11_3\ооп 11_3\ооп 11_3.cpp(9,18): message : выполняется компиляция ссылки на экземпляр шаблон функции "Vector<Money>::Vector(int)"
C:\Users\Admin\source\repos\ооп 11_3\ооп 11_3\ооп 11_3.cpp(9,22): message : выполняется компиляция ссылки на экземпляр класс шаблон функции "Vector<Money>"
C:\Users\Admin\source\repos\ооп 11_3\ооп 11_3\Vector.h(61,1): warning C4267: аргумент: преобразование из "size_t" в "int"; возможна потеря данных
C:\Users\Admin\source\repos\ооп 11_3\ооп 11_3\Vector.h(56,1): message : во время компиляции функции-члена класс шаблон "T Vector<T>::Srednee(void)"
          with
          [
              T=Money
          ]
C:\Users\Admin\source\repos\ооп 11_3\ооп 11_3\ооп 11_3.cpp(13,13): message : выполняется компиляция ссылки на экземпляр шаблон функции "T Vector<T>::Srednee(void)"
          with
          [
              T=Money
          ]
  Создание кода...
  ооп 11_3.vcxproj -> C:\Users\Admin\source\repos\ооп 11_3\x64\Debug\ооп 11_3.exe
